<?xml version="1.0" encoding="UTF-8"?>
<testng-results ignored="0" total="1" passed="1" failed="0" skipped="0">
  <reporter-output>
  </reporter-output>
  <suite started-at="2023-07-03T11:10:52 IST" name="testCases.TestCase_login_001" finished-at="2023-07-03T11:11:07 IST" duration-ms="15079">
    <groups>
    </groups>
    <test started-at="2023-07-03T11:10:52 IST" name="Command line test" finished-at="2023-07-03T11:11:07 IST" duration-ms="15079">
      <class name="testCases.TestCase_login_001">
        <test-method is-config="true" signature="setUp()[pri:0, instance:testCases.TestCase_login_001@5579bb86]" started-at="2023-07-03T11:10:52 IST" name="setUp" finished-at="2023-07-03T11:11:04 IST" duration-ms="11435" status="PASS">
          <reporter-output>
          </reporter-output>
        </test-method> <!-- setUp -->
        <test-method signature="LoginTest()[pri:0, instance:testCases.TestCase_login_001@5579bb86]" started-at="2023-07-03T11:11:04 IST" name="LoginTest" finished-at="2023-07-03T11:11:07 IST" duration-ms="3287" status="PASS">
          <reporter-output>
          </reporter-output>
        </test-method> <!-- LoginTest -->
        <test-method is-config="true" signature="teardown()[pri:0, instance:testCases.TestCase_login_001@5579bb86]" started-at="2023-07-03T11:11:07 IST" name="teardown" finished-at="2023-07-03T11:11:07 IST" duration-ms="324" status="PASS">
          <reporter-output>
          </reporter-output>
        </test-method> <!-- teardown -->
      </class> <!-- testCases.TestCase_login_001 -->
    </test> <!-- Command line test -->
  </suite> <!-- testCases.TestCase_login_001 -->
</testng-results>
